22:54:17.698 [qtp454325163-21] INFO  com.greatdreams.downloader.cxf.DownloaderREST -calling download(appurl = http://www.baidu.com, cookie = this is a cookie)
22:54:17.844 [qtp454325163-21] INFO  com.greatdreams.downloader.cxf.DownloaderREST -return {"appurl" : " http://www.baidu.com", "status" : 0,  "status_description" : "--app downloading sucess---","file_name" : "019c4fe9-7614-4345-8dad-3f8883e84881","storage_path" : "/tmp/android_apps/019c4fe9-7614-4345-8dad-3f8883e84881"}
22:55:00.715 [qtp454325163-19] INFO  com.greatdreams.downloader.cxf.DownloaderREST -calling download(appurl = http://www.bing.com, cookie = this is a cookie)
22:55:01.198 [qtp454325163-19] INFO  com.greatdreams.downloader.cxf.DownloaderREST -return {"appurl" : " http://www.bing.com", "status" : 0,  "status_description" : "--app downloading sucess---","file_name" : "18243054-e6f1-4bd1-b2ad-1edf4fdab049","storage_path" : "/tmp/android_apps/18243054-e6f1-4bd1-b2ad-1edf4fdab049"}
16:18:15.065 [qtp454325163-18] INFO  com.greatdreams.downloader.cxf.DownloaderREST -calling download(appurl = http://www.baidu.com, cookie = null)
16:18:15.081 [qtp454325163-18] INFO  com.greatdreams.downloader.cxf.DownloaderREST -return {"appurl" : " http://www.baidu.com", "status" : 1,  "status_description" : "This is description for downloading status","file_name" : "null","storage_path" : "null/null"}
16:21:41.047 [qtp454325163-20] INFO  com.greatdreams.downloader.cxf.DownloaderREST -calling download(appurl = http://www.baidu.com, cookie = null)
16:21:41.052 [qtp454325163-20] INFO  com.greatdreams.downloader.cxf.DownloaderREST -return {"appurl" : " http://www.baidu.com", "status" : 1,  "status_description" : "-- app resource is unavailable --","file_name" : "null","storage_path" : "null/null"}
16:23:11.011 [qtp454325163-19] INFO  com.greatdreams.downloader.cxf.DownloaderREST -calling download(appurl = http://www.baidu.com, cookie = null)
16:26:03.077 [qtp454325163-18] INFO  com.greatdreams.downloader.cxf.DownloaderREST -calling download(appurl = http://www.baidu.com, cookie = null)
16:29:04.849 [qtp454325163-17] INFO  com.greatdreams.downloader.cxf.DownloaderREST -calling download(appurl = http://www.baidu.com, cookie = null)
16:29:05.309 [qtp454325163-17] INFO  com.greatdreams.downloader.cxf.DownloaderREST -return {"appurl" : " http://www.baidu.com", "status" : 0,  "status_description" : "--app downloading sucess---","file_name" : "e11fa278-37fc-44c2-b877-6b6c2464f6f6","storage_path" : "/tmp/android_apps/e11fa278-37fc-44c2-b877-6b6c2464f6f6"}
16:43:18.379 [qtp454325163-15] INFO  com.greatdreams.downloader.cxf.DownloaderREST -calling download(appurl = http://www.xju.edu.cn/app, cookie = null)
16:43:18.650 [qtp454325163-15] INFO  com.greatdreams.downloader.cxf.DownloaderREST -return {"appurl" : " http://www.xju.edu.cn/app", "status" : 1,  "status_description" : "-- app resource is unavailable --","file_name" : "null","storage_path" : "null/null"}
16:43:38.661 [qtp454325163-18] INFO  com.greatdreams.downloader.cxf.DownloaderREST -calling download(appurl = http://www.xju.edu.cn/, cookie = null)
16:43:39.055 [qtp454325163-18] INFO  com.greatdreams.downloader.cxf.DownloaderREST -return {"appurl" : " http://www.xju.edu.cn/", "status" : 0,  "status_description" : "--app downloading sucess---","file_name" : "a9febfdb-5d32-452b-b938-79f18dc91845","storage_path" : "/tmp/android_apps/a9febfdb-5d32-452b-b938-79f18dc91845"}
16:44:18.779 [qtp454325163-14] INFO  com.greatdreams.downloader.cxf.DownloaderREST -calling download(appurl = http://xju.edu.cn/, cookie = null)
16:44:19.012 [qtp454325163-14] INFO  com.greatdreams.downloader.cxf.DownloaderREST -return {"appurl" : " http://xju.edu.cn/", "status" : 1,  "status_description" : "-- app resource is unavailable --","file_name" : "null","storage_path" : "null/null"}
16:45:25.739 [qtp454325163-15] INFO  com.greatdreams.downloader.cxf.DownloaderREST -calling download(appurl = http://www.anzhi.com/dl_app.php?s=1979088, cookie = null)
16:45:34.457 [qtp454325163-15] INFO  com.greatdreams.downloader.cxf.DownloaderREST -return {"appurl" : " http://www.anzhi.com/dl_app.php?s=1979088", "status" : 0,  "status_description" : "--app downloading sucess---","file_name" : "c44f05ea-3b41-475e-a421-ed6a50bd828f","storage_path" : "/tmp/android_apps/c44f05ea-3b41-475e-a421-ed6a50bd828f"}
22:30:30.161 [qtp454325163-20] INFO  com.greatdreams.downloader.cxf.DownloaderREST -calling download(appurl = https://github.com/Jonovono/c/archive/master.zip, cookie = )
22:30:51.074 [qtp454325163-20] INFO  com.greatdreams.downloader.cxf.DownloaderREST -return {"agentId" : "0", "status" : 0,  "tmpLocation" : "/tmp/android_apps/653b2f4f-af60-49f2-8315-2d29a3b728c9"}
22:32:20.431 [qtp454325163-19] INFO  com.greatdreams.downloader.cxf.DownloaderREST -calling download(appurl = https://github.com/Jonovono/c/archive/master.zip, cookie = )
22:32:37.060 [qtp454325163-19] INFO  com.greatdreams.downloader.cxf.DownloaderREST -return {"agentId" : "0", "status" : 0,  "tmpLocation" : "/tmp/android_apps/98266b2b-bca8-4f5b-bdf1-d9c431be0ae8"}
22:34:09.961 [qtp454325163-19] INFO  com.greatdreams.downloader.cxf.DownloaderREST -calling download(appurl = http://android.155.cn/download.php?net=0&resource_id=180713, cookie = )
22:34:12.691 [qtp454325163-19] INFO  com.greatdreams.downloader.cxf.DownloaderREST -return {"agentId" : "0", "status" : 0,  "tmpLocation" : "/tmp/android_apps/ca697901-ef60-45be-8c0b-24cdc2c72757"}
22:41:41.305 [qtp454325163-21] INFO  com.greatdreams.downloader.cxf.DownloaderREST -calling download(appurl = http://android.155.cn/download.php?type=newsoft&resource_id=10800, cookie = )
22:41:41.654 [qtp454325163-21] INFO  com.greatdreams.downloader.cxf.DownloaderREST -return {"agentId" : "0", "status" : 0,  "tmpLocation" : "/tmp/android_apps/62ec0532-7aba-4b9b-9291-fefc9e44039d"}
